<?xml version="1.0" encoding="UTF-8"?>
<!-- Generated by org.testng.reporters.JUnitReportReporter -->
<testsuite hostname="HESL-032" failures="0" tests="1" name="com.shikha.testcases.LoginTest" time="8.559" errors="0" timestamp="2020-06-13T18:40:40 IST" skipped="0">
  <testcase classname="com.shikha.testcases.LoginTest" name="loginTest" time="8.559"/>
  <system-out/>
</testsuite> <!-- com.shikha.testcases.LoginTest -->
